<?xml version='1.0' encoding='UTF-8'?>
<testsuite hostname="Gruha" name="blackjack_test" tests="4" errors="0" failures="0" skipped="0" time="0.012" timestamp="2020-01-15T10:38:14">
                     <properties>
[...]
</properties>
                     <testcase classname="blackjack_test" name="get_cards_test" time="0.001">
                                                 
                                               </testcase><testcase classname="blackjack_test" name="points_test" time="0.001">
                                                 
                                               </testcase><testcase classname="blackjack_test" name="play_test" time="0.002">
                                                 
                                               </testcase><testcase classname="blackjack_test" name="all21_test" time="0.008">
                                                 
                                               </testcase>
                     <system-out><![CDATA[]]></system-out>
                     <system-err><![CDATA[]]></system-err>
                   </testsuite>