<?xml version="1.0"?>
<!DOCTYPE coverage SYSTEM "http://cobertura.sourceforge.net/xml/coverage-04.dtd">
<coverage 
line-rate="0.95" lines-valid="115" lines-covered="109" branches-valid="2" branches-covered="2" branch-rate="1.00" complexity="0" version="1.0" timestamp="1579081101979">
    <sources>
        <source>--source</source>
        <source>M:/UWR/V/Scala/list 9/core/src/main/scala</source>
    </sources>
    <packages>
        <package name="cards" line-rate="0.97" branch-rate="1.00" complexity="0">
            <classes>
                <class name="cards.Card" filename="cards/Card.scala" line-rate="0.97" branch-rate="1.00" complexity="0">
                    <methods>
                        <method name="cards/Card/get_color" signature="()V" line-rate="1.00" branch-rate="1.00" complexity="0">
                            <lines>
                                <line number="32" hits="1" branch="false"/>
                            </lines>
                        </method>
                        <method name="cards/Card/&lt;none&gt;" signature="()V" line-rate="0.96" branch-rate="1.00" complexity="0">
                            <lines>
                                <line number="4" hits="1" branch="false"/>
                                <line number="13" hits="1" branch="false"/>
                                <line number="20" hits="1" branch="false"/>
                                <line number="16" hits="1" branch="false"/>
                                <line number="20" hits="1" branch="false"/>
                                <line number="7" hits="1" branch="false"/>
                                <line number="10" hits="1" branch="false"/>
                                <line number="19" hits="1" branch="false"/>
                                <line number="18" hits="1" branch="false"/>
                                <line number="9" hits="1" branch="false"/>
                                <line number="21" hits="0" branch="false"/>
                                <line number="20" hits="1" branch="false"/>
                                <line number="12" hits="1" branch="false"/>
                                <line number="15" hits="1" branch="false"/>
                                <line number="6" hits="1" branch="false"/>
                                <line number="20" hits="1" branch="false"/>
                                <line number="14" hits="1" branch="false"/>
                                <line number="20" hits="1" branch="false"/>
                                <line number="19" hits="1" branch="false"/>
                                <line number="17" hits="1" branch="false"/>
                                <line number="8" hits="1" branch="false"/>
                                <line number="20" hits="1" branch="false"/>
                                <line number="11" hits="1" branch="false"/>
                            </lines>
                        </method>
                        <method name="cards/Card/get_value" signature="()V" line-rate="1.00" branch-rate="1.00" complexity="0">
                            <lines>
                                <line number="36" hits="1" branch="false"/>
                            </lines>
                        </method>
                        <method name="cards/Card/is_equal" signature="()V" line-rate="1.00" branch-rate="1.00" complexity="0">
                            <lines>
                                <line number="28" hits="1" branch="false"/>
                                <line number="28" hits="1" branch="false"/>
                                <line number="28" hits="1" branch="false"/>
                                <line number="28" hits="1" branch="false"/>
                            </lines>
                        </method>
                    </methods>
                    <lines>
                        <line number="4" hits="1" branch="false"/>
                        <line number="13" hits="1" branch="false"/>
                        <line number="20" hits="1" branch="false"/>
                        <line number="28" hits="1" branch="false"/>
                        <line number="16" hits="1" branch="false"/>
                        <line number="36" hits="1" branch="false"/>
                        <line number="20" hits="1" branch="false"/>
                        <line number="7" hits="1" branch="false"/>
                        <line number="10" hits="1" branch="false"/>
                        <line number="19" hits="1" branch="false"/>
                        <line number="18" hits="1" branch="false"/>
                        <line number="9" hits="1" branch="false"/>
                        <line number="21" hits="0" branch="false"/>
                        <line number="20" hits="1" branch="false"/>
                        <line number="12" hits="1" branch="false"/>
                        <line number="28" hits="1" branch="false"/>
                        <line number="15" hits="1" branch="false"/>
                        <line number="6" hits="1" branch="false"/>
                        <line number="32" hits="1" branch="false"/>
                        <line number="20" hits="1" branch="false"/>
                        <line number="28" hits="1" branch="false"/>
                        <line number="14" hits="1" branch="false"/>
                        <line number="20" hits="1" branch="false"/>
                        <line number="19" hits="1" branch="false"/>
                        <line number="17" hits="1" branch="false"/>
                        <line number="8" hits="1" branch="false"/>
                        <line number="20" hits="1" branch="false"/>
                        <line number="28" hits="1" branch="false"/>
                        <line number="11" hits="1" branch="false"/>
                    </lines>
                </class>
            </classes>
        </package>
        <package name="deck" line-rate="0.94" branch-rate="1.00" complexity="0">
            <classes>
                <class name="deck.Deck" filename="deck/Deck.scala" line-rate="0.94" branch-rate="1.00" complexity="0">
                    <methods>
                        <method name="deck/Deck/&lt;none&gt;" signature="()V" line-rate="1.00" branch-rate="1.00" complexity="0">
                            <lines>
                                <line number="84" hits="1" branch="false"/>
                                <line number="74" hits="1" branch="false"/>
                                <line number="84" hits="1" branch="false"/>
                                <line number="74" hits="1" branch="false"/>
                                <line number="73" hits="1" branch="false"/>
                                <line number="49" hits="1" branch="false"/>
                                <line number="74" hits="1" branch="false"/>
                                <line number="74" hits="1" branch="false"/>
                                <line number="74" hits="1" branch="false"/>
                                <line number="84" hits="1" branch="false"/>
                                <line number="74" hits="1" branch="false"/>
                                <line number="84" hits="1" branch="false"/>
                                <line number="74" hits="1" branch="false"/>
                                <line number="84" hits="1" branch="false"/>
                                <line number="74" hits="1" branch="false"/>
                                <line number="74" hits="1" branch="false"/>
                                <line number="74" hits="1" branch="false"/>
                                <line number="84" hits="1" branch="false"/>
                                <line number="74" hits="1" branch="false"/>
                            </lines>
                        </method>
                        <method name="deck/Deck/amountOfFace" signature="()V" line-rate="0.80" branch-rate="1.00" complexity="0">
                            <lines>
                                <line number="79" hits="1" branch="false"/>
                                <line number="80" hits="1" branch="false"/>
                                <line number="79" hits="0" branch="false"/>
                                <line number="79" hits="1" branch="false"/>
                                <line number="80" hits="1" branch="false"/>
                            </lines>
                        </method>
                        <method name="deck/Deck/amountOfColor" signature="()V" line-rate="0.80" branch-rate="1.00" complexity="0">
                            <lines>
                                <line number="61" hits="1" branch="false"/>
                                <line number="58" hits="1" branch="false"/>
                                <line number="57" hits="1" branch="false"/>
                                <line number="61" hits="1" branch="false"/>
                                <line number="59" hits="0" branch="false"/>
                            </lines>
                        </method>
                        <method name="deck/Deck/apply" signature="()V" line-rate="1.00" branch-rate="1.00" complexity="0">
                            <lines>
                                <line number="108" hits="1" branch="false"/>
                                <line number="110" hits="1" branch="false"/>
                                <line number="110" hits="1" branch="false"/>
                                <line number="114" hits="1" branch="false"/>
                                <line number="92" hits="1" branch="false"/>
                                <line number="111" hits="1" branch="false"/>
                                <line number="111" hits="1" branch="false"/>
                                <line number="114" hits="1" branch="false"/>
                                <line number="108" hits="1" branch="false"/>
                                <line number="111" hits="1" branch="false"/>
                                <line number="110" hits="1" branch="false"/>
                                <line number="114" hits="1" branch="false"/>
                                <line number="110" hits="1" branch="false"/>
                                <line number="114" hits="1" branch="false"/>
                                <line number="93" hits="1" branch="false"/>
                                <line number="111" hits="1" branch="false"/>
                                <line number="110" hits="1" branch="false"/>
                                <line number="110" hits="1" branch="false"/>
                            </lines>
                        </method>
                        <method name="deck/Deck/pull" signature="()V" line-rate="0.90" branch-rate="1.00" complexity="0">
                            <lines>
                                <line number="13" hits="0" branch="false"/>
                                <line number="15" hits="1" branch="false"/>
                                <line number="17" hits="1" branch="false"/>
                                <line number="17" hits="1" branch="false"/>
                                <line number="13" hits="1" branch="false"/>
                                <line number="14" hits="1" branch="false"/>
                                <line number="15" hits="1" branch="false"/>
                                <line number="15" hits="1" branch="false"/>
                                <line number="17" hits="1" branch="false"/>
                                <line number="13" hits="1" branch="false"/>
                            </lines>
                        </method>
                        <method name="deck/Deck/push" signature="()V" line-rate="0.95" branch-rate="1.00" complexity="0">
                            <lines>
                                <line number="35" hits="1" branch="false"/>
                                <line number="26" hits="1" branch="false"/>
                                <line number="22" hits="1" branch="false"/>
                                <line number="38" hits="1" branch="false"/>
                                <line number="29" hits="1" branch="false"/>
                                <line number="42" hits="1" branch="false"/>
                                <line number="32" hits="1" branch="false"/>
                                <line number="31" hits="1" branch="false"/>
                                <line number="40" hits="1" branch="false"/>
                                <line number="43" hits="0" branch="false"/>
                                <line number="34" hits="1" branch="false"/>
                                <line number="28" hits="1" branch="false"/>
                                <line number="37" hits="1" branch="false"/>
                                <line number="45" hits="1" branch="false"/>
                                <line number="45" hits="1" branch="false"/>
                                <line number="30" hits="1" branch="false"/>
                                <line number="39" hits="1" branch="false"/>
                                <line number="33" hits="1" branch="false"/>
                                <line number="41" hits="1" branch="false"/>
                                <line number="22" hits="1" branch="false"/>
                                <line number="36" hits="1" branch="false"/>
                            </lines>
                        </method>
                        <method name="deck/Deck/get_cards" signature="()V" line-rate="1.00" branch-rate="1.00" complexity="0">
                            <lines>
                                <line number="9" hits="1" branch="false"/>
                            </lines>
                        </method>
                        <method name="deck/Deck/duplicatesOfCard" signature="()V" line-rate="1.00" branch-rate="1.00" complexity="0">
                            <lines>
                                <line number="53" hits="1" branch="false"/>
                                <line number="53" hits="1" branch="false"/>
                            </lines>
                        </method>
                        <method name="deck/Deck/amountOfNumerical" signature="()V" line-rate="0.80" branch-rate="1.00" complexity="0">
                            <lines>
                                <line number="67" hits="0" branch="false"/>
                                <line number="69" hits="1" branch="false"/>
                                <line number="69" hits="1" branch="false"/>
                                <line number="66" hits="1" branch="false"/>
                                <line number="65" hits="1" branch="false"/>
                            </lines>
                        </method>
                    </methods>
                    <lines>
                        <line number="84" hits="1" branch="false"/>
                        <line number="108" hits="1" branch="false"/>
                        <line number="74" hits="1" branch="false"/>
                        <line number="110" hits="1" branch="false"/>
                        <line number="110" hits="1" branch="false"/>
                        <line number="84" hits="1" branch="false"/>
                        <line number="74" hits="1" branch="false"/>
                        <line number="73" hits="1" branch="false"/>
                        <line number="35" hits="1" branch="false"/>
                        <line number="26" hits="1" branch="false"/>
                        <line number="114" hits="1" branch="false"/>
                        <line number="22" hits="1" branch="false"/>
                        <line number="13" hits="0" branch="false"/>
                        <line number="61" hits="1" branch="false"/>
                        <line number="38" hits="1" branch="false"/>
                        <line number="49" hits="1" branch="false"/>
                        <line number="15" hits="1" branch="false"/>
                        <line number="29" hits="1" branch="false"/>
                        <line number="74" hits="1" branch="false"/>
                        <line number="79" hits="1" branch="false"/>
                        <line number="92" hits="1" branch="false"/>
                        <line number="67" hits="0" branch="false"/>
                        <line number="111" hits="1" branch="false"/>
                        <line number="69" hits="1" branch="false"/>
                        <line number="42" hits="1" branch="false"/>
                        <line number="17" hits="1" branch="false"/>
                        <line number="32" hits="1" branch="false"/>
                        <line number="58" hits="1" branch="false"/>
                        <line number="111" hits="1" branch="false"/>
                        <line number="114" hits="1" branch="false"/>
                        <line number="31" hits="1" branch="false"/>
                        <line number="108" hits="1" branch="false"/>
                        <line number="111" hits="1" branch="false"/>
                        <line number="74" hits="1" branch="false"/>
                        <line number="80" hits="1" branch="false"/>
                        <line number="40" hits="1" branch="false"/>
                        <line number="53" hits="1" branch="false"/>
                        <line number="69" hits="1" branch="false"/>
                        <line number="43" hits="0" branch="false"/>
                        <line number="57" hits="1" branch="false"/>
                        <line number="74" hits="1" branch="false"/>
                        <line number="84" hits="1" branch="false"/>
                        <line number="34" hits="1" branch="false"/>
                        <line number="17" hits="1" branch="false"/>
                        <line number="110" hits="1" branch="false"/>
                        <line number="13" hits="1" branch="false"/>
                        <line number="74" hits="1" branch="false"/>
                        <line number="114" hits="1" branch="false"/>
                        <line number="84" hits="1" branch="false"/>
                        <line number="74" hits="1" branch="false"/>
                        <line number="79" hits="0" branch="false"/>
                        <line number="66" hits="1" branch="false"/>
                        <line number="28" hits="1" branch="false"/>
                        <line number="37" hits="1" branch="false"/>
                        <line number="14" hits="1" branch="false"/>
                        <line number="45" hits="1" branch="false"/>
                        <line number="15" hits="1" branch="false"/>
                        <line number="45" hits="1" branch="false"/>
                        <line number="79" hits="1" branch="false"/>
                        <line number="84" hits="1" branch="false"/>
                        <line number="110" hits="1" branch="false"/>
                        <line number="114" hits="1" branch="false"/>
                        <line number="61" hits="1" branch="false"/>
                        <line number="74" hits="1" branch="false"/>
                        <line number="93" hits="1" branch="false"/>
                        <line number="53" hits="1" branch="false"/>
                        <line number="80" hits="1" branch="false"/>
                        <line number="30" hits="1" branch="false"/>
                        <line number="39" hits="1" branch="false"/>
                        <line number="65" hits="1" branch="false"/>
                        <line number="74" hits="1" branch="false"/>
                        <line number="111" hits="1" branch="false"/>
                        <line number="15" hits="1" branch="false"/>
                        <line number="33" hits="1" branch="false"/>
                        <line number="41" hits="1" branch="false"/>
                        <line number="74" hits="1" branch="false"/>
                        <line number="110" hits="1" branch="false"/>
                        <line number="84" hits="1" branch="false"/>
                        <line number="74" hits="1" branch="false"/>
                        <line number="9" hits="1" branch="false"/>
                        <line number="17" hits="1" branch="false"/>
                        <line number="110" hits="1" branch="false"/>
                        <line number="59" hits="0" branch="false"/>
                        <line number="22" hits="1" branch="false"/>
                        <line number="36" hits="1" branch="false"/>
                        <line number="13" hits="1" branch="false"/>
                    </lines>
                </class>
            </classes>
        </package>
    </packages>
</coverage>
